<?xml version="1.0" encoding="UTF-8"?>
<!-- Generated by org.testng.reporters.JUnitXMLReporter -->
<testsuite hostname="SPICITY906" ignored="3" name="Carloan" tests="1" failures="0" timestamp="25 Jun 2019 13:12:38 GMT" time="0.115" errors="0">
  <testcase name="WebLoginCarLoan" time="0.009" classname="TestNGtutor.TestBase"/>
  <testcase name="login" time="0.0" classname="TestNGtutor.TestBase">
    <ignored/>
  </testcase> <!-- login -->
  <testcase name="MobileLoginCarLoan" time="0.0" classname="TestNGtutor.TestBase">
    <ignored/>
  </testcase> <!-- MobileLoginCarLoan -->
  <testcase name="APILoginCarLoan" time="0.0" classname="TestNGtutor.TestBase">
    <ignored/>
  </testcase> <!-- APILoginCarLoan -->
</testsuite> <!-- Carloan -->
