<?xml version="1.0" encoding="UTF-8"?>
<!-- Generated by org.testng.reporters.JUnitXMLReporter -->
<testsuite hostname="SPICITY906" ignored="2" name="Carloan" tests="1" failures="0" timestamp="10 Jun 2019 12:41:21 GMT" time="0.009" errors="0">
  <testcase name="WebLoginCarLoan" time="0.003" classname="TestNGtutor.Day3"/>
  <testcase name="MobileLoginCarLoan" time="0.0" classname="TestNGtutor.Day3">
    <ignored/>
  </testcase> <!-- MobileLoginCarLoan -->
  <testcase name="APILoginCarLoan" time="0.0" classname="TestNGtutor.Day3">
    <ignored/>
  </testcase> <!-- APILoginCarLoan -->
</testsuite> <!-- Carloan -->
