<?xml version="1.0" encoding="UTF-8"?>
<!-- Generated by org.testng.reporters.JUnitXMLReporter -->
<testsuite hostname="SPICITY906" ignored="4" name="Personalloan" tests="4" failures="0" timestamp="10 Jun 2019 12:41:21 GMT" time="0.064" errors="0">
  <testcase name="APILoginHomeLoan" time="0.015" classname="TestNGtutor.Day4"/>
  <testcase name="WebLoginHomeLoan" time="0.002" classname="TestNGtutor.Day4"/>
  <testcase name="Demo" time="0.003" classname="TestNGtutor.Day1"/>
  <testcase name="paersonal" time="0.008" classname="TestNGtutor.Day2"/>
  <testcase name="MobileSignin" time="0.0" classname="TestNGtutor.Day4">
    <ignored/>
  </testcase> <!-- MobileSignin -->
  <testcase name="Demo2" time="0.0" classname="TestNGtutor.Day1">
    <ignored/>
  </testcase> <!-- Demo2 -->
  <testcase name="MobileSignoff" time="0.0" classname="TestNGtutor.Day4">
    <ignored/>
  </testcase> <!-- MobileSignoff -->
  <testcase name="MobileLoginHomeLoan" time="0.0" classname="TestNGtutor.Day4">
    <ignored/>
  </testcase> <!-- MobileLoginHomeLoan -->
</testsuite> <!-- Personalloan -->
