<?xml version="1.0" encoding="UTF-8"?>
<!-- Generated by org.testng.reporters.JUnitXMLReporter -->
<testsuite hostname="SPICITY906" ignored="0" name="Personal Loan" tests="3" failures="0" timestamp="07 Jun 2019 07:12:13 GMT" time="0.045" errors="0">
  <testcase name="Demo" time="0.01" classname="TestNGtutor.Day1"/>
  <testcase name="Demo2" time="0.002" classname="TestNGtutor.Day1"/>
  <testcase name="paersonal" time="0.003" classname="TestNGtutor.Day2"/>
</testsuite> <!-- Personal Loan -->
