<?xml version="1.0" encoding="UTF-8"?>
<!-- Generated by org.testng.reporters.JUnitXMLReporter -->
<testsuite hostname="SPICITY906" ignored="1" name="Test" tests="5" failures="0" timestamp="07 Jun 2019 10:35:04 GMT" time="0.052" errors="0">
  <testcase name="APILoginHomeLoan" time="0.006" classname="TestNGtutor.Day4"/>
  <testcase name="MobileLoginHomeLoan" time="0.001" classname="TestNGtutor.Day4"/>
  <testcase name="WebLoginHomeLoan" time="0.001" classname="TestNGtutor.Day4"/>
  <testcase name="Demo" time="0.001" classname="TestNGtutor.Day1"/>
  <testcase name="paersonal" time="0.001" classname="TestNGtutor.Day2"/>
  <testcase name="Demo2" time="0.0" classname="TestNGtutor.Day1">
    <ignored/>
  </testcase> <!-- Demo2 -->
</testsuite> <!-- Test -->
